# JRE version: OpenJDK Runtime Environment (8.0_152-b01) (build 1.8.0_152-release-915-b01)
# Java VM: OpenJDK 64-Bit Server VM (25.152-b01 mixed mode windows-amd64 compressed oops)
Heap:
 PSYoungGen      total 386560K, used 266806K [0x00000000e0000000, 0x0000000100000000, 0x0000000100000000)
  eden space 354304K, 75% used [0x00000000e0000000,0x00000000f048da48,0x00000000f5a00000)
  from space 32256K, 0% used [0x00000000f5a00000,0x00000000f5a00000,0x00000000f7980000)
  to   space 59392K, 0% used [0x00000000fc600000,0x00000000fc600000,0x0000000100000000)
 ParOldGen       total 123904K, used 123803K [0x00000000a0000000, 0x00000000a7900000, 0x00000000e0000000)
  object space 123904K, 99% used [0x00000000a0000000,0x00000000a78e6d38,0x00000000a7900000)
 Metaspace       used 76635K, capacity 80096K, committed 80384K, reserved 1118208K
  class space    used 10065K, capacity 10943K, committed 11008K, reserved 1048576K
GC Heap History (10 events):
Event: 46.285 GC heap before
{Heap before GC invocations=14 (full 3):
 PSYoungGen      total 302592K, used 279552K [0x00000000e0000000, 0x00000000f5500000, 0x0000000100000000)
  eden space 279552K, 100% used [0x00000000e0000000,0x00000000f1100000,0x00000000f1100000)
  from space 23040K, 0% used [0x00000000f2d80000,0x00000000f2d80000,0x00000000f4400000)
  to   space 29184K, 0% used [0x00000000f1100000,0x00000000f1100000,0x00000000f2d80000)
 ParOldGen       total 123904K, used 46776K [0x00000000a0000000, 0x00000000a7900000, 0x00000000e0000000)
  object space 123904K, 37% used [0x00000000a0000000,0x00000000a2dae090,0x00000000a7900000)
 Metaspace       used 66417K, capacity 69408K, committed 69632K, reserved 1110016K
  class space    used 8934K, capacity 9685K, committed 9728K, reserved 1048576K
Event: 46.322 GC heap after
Heap after GC invocations=14 (full 3):
 PSYoungGen      total 308736K, used 21146K [0x00000000e0000000, 0x00000000fa100000, 0x0000000100000000)
  eden space 279552K, 0% used [0x00000000e0000000,0x00000000e0000000,0x00000000f1100000)
  from space 29184K, 72% used [0x00000000f1100000,0x00000000f25a6a88,0x00000000f2d80000)
  to   space 30720K, 0% used [0x00000000f8300000,0x00000000f8300000,0x00000000fa100000)
 ParOldGen       total 123904K, used 46784K [0x00000000a0000000, 0x00000000a7900000, 0x00000000e0000000)
  object space 123904K, 37% used [0x00000000a0000000,0x00000000a2db0090,0x00000000a7900000)
 Metaspace       used 66417K, capacity 69408K, committed 69632K, reserved 1110016K
  class space    used 8934K, capacity 9685K, committed 9728K, reserved 1048576K
}
Event: 131.665 GC heap before
{Heap before GC invocations=15 (full 3):
 PSYoungGen      total 308736K, used 300698K [0x00000000e0000000, 0x00000000fa100000, 0x0000000100000000)
  eden space 279552K, 100% used [0x00000000e0000000,0x00000000f1100000,0x00000000f1100000)
  from space 29184K, 72% used [0x00000000f1100000,0x00000000f25a6a88,0x00000000f2d80000)
  to   space 30720K, 0% used [0x00000000f8300000,0x00000000f8300000,0x00000000fa100000)
 ParOldGen       total 123904K, used 46784K [0x00000000a0000000, 0x00000000a7900000, 0x00000000e0000000)
  object space 123904K, 37% used [0x00000000a0000000,0x00000000a2db0090,0x00000000a7900000)
 Metaspace       used 70330K, capacity 73726K, committed 73856K, reserved 1112064K
  class space    used 9422K, capacity 10286K, committed 10368K, reserved 1048576K
Event: 131.685 GC heap after
Heap after GC invocations=15 (full 3):
 PSYoungGen      total 376320K, used 22527K [0x00000000e0000000, 0x00000000f9900000, 0x0000000100000000)
  eden space 353792K, 0% used [0x00000000e0000000,0x00000000e0000000,0x00000000f5980000)
  from space 22528K, 99% used [0x00000000f8300000,0x00000000f98fff20,0x00000000f9900000)
  to   space 32256K, 0% used [0x00000000f5a00000,0x00000000f5a00000,0x00000000f7980000)
 ParOldGen       total 123904K, used 46792K [0x00000000a0000000, 0x00000000a7900000, 0x00000000e0000000)
  object space 123904K, 37% used [0x00000000a0000000,0x00000000a2db2090,0x00000000a7900000)
 Metaspace       used 70330K, capacity 73726K, committed 73856K, reserved 1112064K
  class space    used 9422K, capacity 10286K, committed 10368K, reserved 1048576K
}
Event: 148.940 GC heap before
{Heap before GC invocations=16 (full 3):
 PSYoungGen      total 376320K, used 376319K [0x00000000e0000000, 0x00000000f9900000, 0x0000000100000000)
  eden space 353792K, 100% used [0x00000000e0000000,0x00000000f5980000,0x00000000f5980000)
  from space 22528K, 99% used [0x00000000f8300000,0x00000000f98fff20,0x00000000f9900000)
  to   space 32256K, 0% used [0x00000000f5a00000,0x00000000f5a00000,0x00000000f7980000)
 ParOldGen       total 123904K, used 46792K [0x00000000a0000000, 0x00000000a7900000, 0x00000000e0000000)
  object space 123904K, 37% used [0x00000000a0000000,0x00000000a2db2090,0x00000000a7900000)
 Metaspace       used 74708K, capacity 78176K, committed 78464K, reserved 1116160K
  class space    used 9958K, capacity 10815K, committed 10880K, reserved 1048576K
Event: 149.045 GC heap after
Heap after GC invocations=16 (full 3):
 PSYoungGen      total 386560K, used 32244K [0x00000000e0000000, 0x0000000100000000, 0x0000000100000000)
  eden space 354304K, 0% used [0x00000000e0000000,0x00000000e0000000,0x00000000f5a00000)
  from space 32256K, 99% used [0x00000000f5a00000,0x00000000f797d340,0x00000000f7980000)
  to   space 59392K, 0% used [0x00000000fc600000,0x00000000fc600000,0x0000000100000000)
 ParOldGen       total 123904K, used 107574K [0x00000000a0000000, 0x00000000a7900000, 0x00000000e0000000)
  object space 123904K, 86% used [0x00000000a0000000,0x00000000a690dab0,0x00000000a7900000)
 Metaspace       used 74708K, capacity 78176K, committed 78464K, reserved 1116160K
  class space    used 9958K, capacity 10815K, committed 10880K, reserved 1048576K
}
Event: 149.045 GC heap before
{Heap before GC invocations=17 (full 4):
 PSYoungGen      total 386560K, used 32244K [0x00000000e0000000, 0x0000000100000000, 0x0000000100000000)
  eden space 354304K, 0% used [0x00000000e0000000,0x00000000e0000000,0x00000000f5a00000)
  from space 32256K, 99% used [0x00000000f5a00000,0x00000000f797d340,0x00000000f7980000)
  to   space 59392K, 0% used [0x00000000fc600000,0x00000000fc600000,0x0000000100000000)
 ParOldGen       total 123904K, used 107574K [0x00000000a0000000, 0x00000000a7900000, 0x00000000e0000000)
  object space 123904K, 86% used [0x00000000a0000000,0x00000000a690dab0,0x00000000a7900000)
 Metaspace       used 74708K, capacity 78176K, committed 78464K, reserved 1116160K
  class space    used 9958K, capacity 10815K, committed 10880K, reserved 1048576K
Event: 149.778 GC heap after
Heap after GC invocations=17 (full 4):
 PSYoungGen      total 386560K, used 8988K [0x00000000e0000000, 0x0000000100000000, 0x0000000100000000)
  eden space 354304K, 0% used [0x00000000e0000000,0x00000000e0000000,0x00000000f5a00000)
  from space 32256K, 27% used [0x00000000f5a00000,0x00000000f62c7178,0x00000000f7980000)
  to   space 59392K, 0% used [0x00000000fc600000,0x00000000fc600000,0x0000000100000000)
 ParOldGen       total 123904K, used 122679K [0x00000000a0000000, 0x00000000a7900000, 0x00000000e0000000)
  object space 123904K, 99% used [0x00000000a0000000,0x00000000a77cdd80,0x00000000a7900000)
 Metaspace       used 74708K, capacity 78176K, committed 78464K, reserved 1116160K
  class space    used 9958K, capacity 10815K, committed 10880K, reserved 1048576K
}
Event: 155.649 GC heap before
{Heap before GC invocations=18 (full 5):
 PSYoungGen      total 386560K, used 363292K [0x00000000e0000000, 0x0000000100000000, 0x0000000100000000)
  eden space 354304K, 100% used [0x00000000e0000000,0x00000000f5a00000,0x00000000f5a00000)
  from space 32256K, 27% used [0x00000000f5a00000,0x00000000f62c7178,0x00000000f7980000)
  to   space 59392K, 0% used [0x00000000fc600000,0x00000000fc600000,0x0000000100000000)
 ParOldGen       total 123904K, used 122679K [0x00000000a0000000, 0x00000000a7900000, 0x00000000e0000000)
  object space 123904K, 99% used [0x00000000a0000000,0x00000000a77cdd80,0x00000000a7900000)
 Metaspace       used 74937K, capacity 78432K, committed 78720K, reserved 1118208K
  class space    used 9967K, capacity 10815K, committed 10880K, reserved 1048576K
Event: 156.686 GC heap after
Heap after GC invocations=18 (full 5):
 PSYoungGen      total 386560K, used 98534K [0x00000000e0000000, 0x0000000100000000, 0x0000000100000000)
  eden space 354304K, 27% used [0x00000000e0000000,0x00000000e60399c8,0x00000000f5a00000)
  from space 32256K, 0% used [0x00000000f5a00000,0x00000000f5a00000,0x00000000f7980000)
  to   space 59392K, 0% used [0x00000000fc600000,0x00000000fc600000,0x0000000100000000)
 ParOldGen       total 123904K, used 123803K [0x00000000a0000000, 0x00000000a7900000, 0x00000000e0000000)
  object space 123904K, 99% used [0x00000000a0000000,0x00000000a78e6d38,0x00000000a7900000)
 Metaspace       used 74937K, capacity 78432K, committed 78720K, reserved 1118208K
  class space    used 9967K, capacity 10815K, committed 10880K, reserved 1048576K
}

