# JRE version: OpenJDK Runtime Environment (8.0_152-b01) (build 1.8.0_152-release-915-b01)
# Java VM: OpenJDK 64-Bit Server VM (25.152-b01 mixed mode windows-amd64 compressed oops)
Heap:
 PSYoungGen      total 328192K, used 76431K [0x00000000e0000000, 0x00000000fc900000, 0x0000000100000000)
  eden space 197632K, 22% used [0x00000000e0000000,0x00000000e2b7fba0,0x00000000ec100000)
  from space 130560K, 24% used [0x00000000ec100000,0x00000000ee024080,0x00000000f4080000)
  to   space 119296K, 0% used [0x00000000f4080000,0x00000000f4080000,0x00000000fb500000)
 ParOldGen       total 261632K, used 216101K [0x00000000a0000000, 0x00000000aff80000, 0x00000000e0000000)
  object space 261632K, 82% used [0x00000000a0000000,0x00000000ad309588,0x00000000aff80000)
 Metaspace       used 82871K, capacity 86428K, committed 88448K, reserved 1126400K
  class space    used 10456K, capacity 11385K, committed 11904K, reserved 1048576K
GC Heap History (10 events):
Event: 5327.393 GC heap before
{Heap before GC invocations=48 (full 9):
 PSYoungGen      total 328192K, used 197632K [0x00000000e0000000, 0x00000000fc900000, 0x0000000100000000)
  eden space 197632K, 100% used [0x00000000e0000000,0x00000000ec100000,0x00000000ec100000)
  from space 130560K, 0% used [0x00000000ec100000,0x00000000ec100000,0x00000000f4080000)
  to   space 119296K, 0% used [0x00000000f4080000,0x00000000f4080000,0x00000000fb500000)
 ParOldGen       total 261632K, used 224691K [0x00000000a0000000, 0x00000000aff80000, 0x00000000e0000000)
  object space 261632K, 85% used [0x00000000a0000000,0x00000000adb6cc78,0x00000000aff80000)
 Metaspace       used 82711K, capacity 86228K, committed 88320K, reserved 1126400K
  class space    used 10441K, capacity 11319K, committed 11776K, reserved 1048576K
Event: 5327.837 GC heap after
Heap after GC invocations=48 (full 9):
 PSYoungGen      total 328192K, used 0K [0x00000000e0000000, 0x00000000fc900000, 0x0000000100000000)
  eden space 197632K, 0% used [0x00000000e0000000,0x00000000e0000000,0x00000000ec100000)
  from space 130560K, 0% used [0x00000000ec100000,0x00000000ec100000,0x00000000f4080000)
  to   space 119296K, 0% used [0x00000000f4080000,0x00000000f4080000,0x00000000fb500000)
 ParOldGen       total 261632K, used 222156K [0x00000000a0000000, 0x00000000aff80000, 0x00000000e0000000)
  object space 261632K, 84% used [0x00000000a0000000,0x00000000ad8f32a8,0x00000000aff80000)
 Metaspace       used 82711K, capacity 86228K, committed 88320K, reserved 1126400K
  class space    used 10441K, capacity 11319K, committed 11776K, reserved 1048576K
}
Event: 5331.142 GC heap before
{Heap before GC invocations=49 (full 10):
 PSYoungGen      total 328192K, used 197632K [0x00000000e0000000, 0x00000000fc900000, 0x0000000100000000)
  eden space 197632K, 100% used [0x00000000e0000000,0x00000000ec100000,0x00000000ec100000)
  from space 130560K, 0% used [0x00000000ec100000,0x00000000ec100000,0x00000000f4080000)
  to   space 119296K, 0% used [0x00000000f4080000,0x00000000f4080000,0x00000000fb500000)
 ParOldGen       total 261632K, used 222156K [0x00000000a0000000, 0x00000000aff80000, 0x00000000e0000000)
  object space 261632K, 84% used [0x00000000a0000000,0x00000000ad8f32a8,0x00000000aff80000)
 Metaspace       used 82711K, capacity 86228K, committed 88320K, reserved 1126400K
  class space    used 10441K, capacity 11319K, committed 11776K, reserved 1048576K
Event: 5331.542 GC heap after
Heap after GC invocations=49 (full 10):
 PSYoungGen      total 328192K, used 0K [0x00000000e0000000, 0x00000000fc900000, 0x0000000100000000)
  eden space 197632K, 0% used [0x00000000e0000000,0x00000000e0000000,0x00000000ec100000)
  from space 130560K, 0% used [0x00000000ec100000,0x00000000ec100000,0x00000000f4080000)
  to   space 119296K, 0% used [0x00000000f4080000,0x00000000f4080000,0x00000000fb500000)
 ParOldGen       total 261632K, used 219176K [0x00000000a0000000, 0x00000000aff80000, 0x00000000e0000000)
  object space 261632K, 83% used [0x00000000a0000000,0x00000000ad60a360,0x00000000aff80000)
 Metaspace       used 82711K, capacity 86228K, committed 88320K, reserved 1126400K
  class space    used 10441K, capacity 11319K, committed 11776K, reserved 1048576K
}
Event: 5334.532 GC heap before
{Heap before GC invocations=50 (full 11):
 PSYoungGen      total 328192K, used 197632K [0x00000000e0000000, 0x00000000fc900000, 0x0000000100000000)
  eden space 197632K, 100% used [0x00000000e0000000,0x00000000ec100000,0x00000000ec100000)
  from space 130560K, 0% used [0x00000000ec100000,0x00000000ec100000,0x00000000f4080000)
  to   space 119296K, 0% used [0x00000000f4080000,0x00000000f4080000,0x00000000fb500000)
 ParOldGen       total 261632K, used 219176K [0x00000000a0000000, 0x00000000aff80000, 0x00000000e0000000)
  object space 261632K, 83% used [0x00000000a0000000,0x00000000ad60a360,0x00000000aff80000)
 Metaspace       used 82711K, capacity 86228K, committed 88320K, reserved 1126400K
  class space    used 10441K, capacity 11319K, committed 11776K, reserved 1048576K
Event: 5334.864 GC heap after
Heap after GC invocations=50 (full 11):
 PSYoungGen      total 328192K, used 0K [0x00000000e0000000, 0x00000000fc900000, 0x0000000100000000)
  eden space 197632K, 0% used [0x00000000e0000000,0x00000000e0000000,0x00000000ec100000)
  from space 130560K, 0% used [0x00000000ec100000,0x00000000ec100000,0x00000000f4080000)
  to   space 119296K, 0% used [0x00000000f4080000,0x00000000f4080000,0x00000000fb500000)
 ParOldGen       total 261632K, used 216101K [0x00000000a0000000, 0x00000000aff80000, 0x00000000e0000000)
  object space 261632K, 82% used [0x00000000a0000000,0x00000000ad309588,0x00000000aff80000)
 Metaspace       used 82711K, capacity 86228K, committed 88320K, reserved 1126400K
  class space    used 10441K, capacity 11319K, committed 11776K, reserved 1048576K
}
Event: 5338.515 GC heap before
{Heap before GC invocations=51 (full 11):
 PSYoungGen      total 328192K, used 197632K [0x00000000e0000000, 0x00000000fc900000, 0x0000000100000000)
  eden space 197632K, 100% used [0x00000000e0000000,0x00000000ec100000,0x00000000ec100000)
  from space 130560K, 0% used [0x00000000ec100000,0x00000000ec100000,0x00000000f4080000)
  to   space 119296K, 0% used [0x00000000f4080000,0x00000000f4080000,0x00000000fb500000)
 ParOldGen       total 261632K, used 216101K [0x00000000a0000000, 0x00000000aff80000, 0x00000000e0000000)
  object space 261632K, 82% used [0x00000000a0000000,0x00000000ad309588,0x00000000aff80000)
 Metaspace       used 82711K, capacity 86228K, committed 88320K, reserved 1126400K
  class space    used 10441K, capacity 11319K, committed 11776K, reserved 1048576K
Event: 5338.523 GC heap after
Heap after GC invocations=51 (full 11):
 PSYoungGen      total 316928K, used 4128K [0x00000000e0000000, 0x00000000fc900000, 0x0000000100000000)
  eden space 197632K, 0% used [0x00000000e0000000,0x00000000e0000000,0x00000000ec100000)
  from space 119296K, 3% used [0x00000000f4080000,0x00000000f4488010,0x00000000fb500000)
  to   space 130560K, 0% used [0x00000000ec100000,0x00000000ec100000,0x00000000f4080000)
 ParOldGen       total 261632K, used 216101K [0x00000000a0000000, 0x00000000aff80000, 0x00000000e0000000)
  object space 261632K, 82% used [0x00000000a0000000,0x00000000ad309588,0x00000000aff80000)
 Metaspace       used 82711K, capacity 86228K, committed 88320K, reserved 1126400K
  class space    used 10441K, capacity 11319K, committed 11776K, reserved 1048576K
}
Event: 5341.988 GC heap before
{Heap before GC invocations=52 (full 11):
 PSYoungGen      total 316928K, used 201760K [0x00000000e0000000, 0x00000000fc900000, 0x0000000100000000)
  eden space 197632K, 100% used [0x00000000e0000000,0x00000000ec100000,0x00000000ec100000)
  from space 119296K, 3% used [0x00000000f4080000,0x00000000f4488010,0x00000000fb500000)
  to   space 130560K, 0% used [0x00000000ec100000,0x00000000ec100000,0x00000000f4080000)
 ParOldGen       total 261632K, used 216101K [0x00000000a0000000, 0x00000000aff80000, 0x00000000e0000000)
  object space 261632K, 82% used [0x00000000a0000000,0x00000000ad309588,0x00000000aff80000)
 Metaspace       used 82839K, capacity 86420K, committed 88448K, reserved 1126400K
  class space    used 10455K, capacity 11383K, committed 11904K, reserved 1048576K
Event: 5342.012 GC heap after
Heap after GC invocations=52 (full 11):
 PSYoungGen      total 328192K, used 31888K [0x00000000e0000000, 0x00000000fc900000, 0x0000000100000000)
  eden space 197632K, 0% used [0x00000000e0000000,0x00000000e0000000,0x00000000ec100000)
  from space 130560K, 24% used [0x00000000ec100000,0x00000000ee024080,0x00000000f4080000)
  to   space 119296K, 0% used [0x00000000f4080000,0x00000000f4080000,0x00000000fb500000)
 ParOldGen       total 261632K, used 216101K [0x00000000a0000000, 0x00000000aff80000, 0x00000000e0000000)
  object space 261632K, 82% used [0x00000000a0000000,0x00000000ad309588,0x00000000aff80000)
 Metaspace       used 82839K, capacity 86420K, committed 88448K, reserved 1126400K
  class space    used 10455K, capacity 11383K, committed 11904K, reserved 1048576K
}

