# JRE version: OpenJDK Runtime Environment (8.0_152-b01) (build 1.8.0_152-release-915-b01)
# Java VM: OpenJDK 64-Bit Server VM (25.152-b01 mixed mode windows-amd64 compressed oops)
Heap:
 PSYoungGen      total 253440K, used 161506K [0x00000000e0000000, 0x00000000f7680000, 0x0000000100000000)
  eden space 189952K, 63% used [0x00000000e0000000,0x00000000e76163f0,0x00000000eb980000)
  from space 63488K, 63% used [0x00000000f0c00000,0x00000000f33a26b8,0x00000000f4a00000)
  to   space 84480K, 0% used [0x00000000eb980000,0x00000000eb980000,0x00000000f0c00000)
 ParOldGen       total 137216K, used 136959K [0x00000000a0000000, 0x00000000a8600000, 0x00000000e0000000)
  object space 137216K, 99% used [0x00000000a0000000,0x00000000a85bfe20,0x00000000a8600000)
 Metaspace       used 69363K, capacity 71450K, committed 71640K, reserved 1112064K
  class space    used 9161K, capacity 9668K, committed 9728K, reserved 1048576K
GC Heap History (10 events):
Event: 189.152 GC heap before
{Heap before GC invocations=20 (full 3):
 PSYoungGen      total 192512K, used 173590K [0x00000000e0000000, 0x00000000ed700000, 0x0000000100000000)
  eden space 164864K, 99% used [0x00000000e0000000,0x00000000ea0fe498,0x00000000ea100000)
  from space 27648K, 31% used [0x00000000ebc00000,0x00000000ec487638,0x00000000ed700000)
  to   space 27648K, 0% used [0x00000000ea100000,0x00000000ea100000,0x00000000ebc00000)
 ParOldGen       total 137216K, used 47580K [0x00000000a0000000, 0x00000000a8600000, 0x00000000e0000000)
  object space 137216K, 34% used [0x00000000a0000000,0x00000000a2e77000,0x00000000a8600000)
 Metaspace       used 68695K, capacity 70778K, committed 70872K, reserved 1110016K
  class space    used 9140K, capacity 9636K, committed 9728K, reserved 1048576K
Event: 189.178 GC heap after
Heap after GC invocations=20 (full 3):
 PSYoungGen      total 192512K, used 23008K [0x00000000e0000000, 0x00000000eef80000, 0x0000000100000000)
  eden space 164864K, 0% used [0x00000000e0000000,0x00000000e0000000,0x00000000ea100000)
  from space 27648K, 83% used [0x00000000ea100000,0x00000000eb7783d0,0x00000000ebc00000)
  to   space 30208K, 0% used [0x00000000ed200000,0x00000000ed200000,0x00000000eef80000)
 ParOldGen       total 137216K, used 47588K [0x00000000a0000000, 0x00000000a8600000, 0x00000000e0000000)
  object space 137216K, 34% used [0x00000000a0000000,0x00000000a2e79000,0x00000000a8600000)
 Metaspace       used 68695K, capacity 70778K, committed 70872K, reserved 1110016K
  class space    used 9140K, capacity 9636K, committed 9728K, reserved 1048576K
}
Event: 191.074 GC heap before
{Heap before GC invocations=21 (full 3):
 PSYoungGen      total 192512K, used 187872K [0x00000000e0000000, 0x00000000eef80000, 0x0000000100000000)
  eden space 164864K, 100% used [0x00000000e0000000,0x00000000ea100000,0x00000000ea100000)
  from space 27648K, 83% used [0x00000000ea100000,0x00000000eb7783d0,0x00000000ebc00000)
  to   space 30208K, 0% used [0x00000000ed200000,0x00000000ed200000,0x00000000eef80000)
 ParOldGen       total 137216K, used 47588K [0x00000000a0000000, 0x00000000a8600000, 0x00000000e0000000)
  object space 137216K, 34% used [0x00000000a0000000,0x00000000a2e79000,0x00000000a8600000)
 Metaspace       used 68747K, capacity 70842K, committed 71128K, reserved 1110016K
  class space    used 9141K, capacity 9636K, committed 9728K, reserved 1048576K
Event: 191.115 GC heap after
Heap after GC invocations=21 (full 3):
 PSYoungGen      total 199680K, used 30188K [0x00000000e0000000, 0x00000000f1800000, 0x0000000100000000)
  eden space 169472K, 0% used [0x00000000e0000000,0x00000000e0000000,0x00000000ea580000)
  from space 30208K, 99% used [0x00000000ed200000,0x00000000eef7b218,0x00000000eef80000)
  to   space 45568K, 0% used [0x00000000ea580000,0x00000000ea580000,0x00000000ed200000)
 ParOldGen       total 137216K, used 76573K [0x00000000a0000000, 0x00000000a8600000, 0x00000000e0000000)
  object space 137216K, 55% used [0x00000000a0000000,0x00000000a4ac7718,0x00000000a8600000)
 Metaspace       used 68747K, capacity 70842K, committed 71128K, reserved 1110016K
  class space    used 9141K, capacity 9636K, committed 9728K, reserved 1048576K
}
Event: 192.453 GC heap before
{Heap before GC invocations=22 (full 3):
 PSYoungGen      total 199680K, used 199660K [0x00000000e0000000, 0x00000000f1800000, 0x0000000100000000)
  eden space 169472K, 100% used [0x00000000e0000000,0x00000000ea580000,0x00000000ea580000)
  from space 30208K, 99% used [0x00000000ed200000,0x00000000eef7b218,0x00000000eef80000)
  to   space 45568K, 0% used [0x00000000ea580000,0x00000000ea580000,0x00000000ed200000)
 ParOldGen       total 137216K, used 76573K [0x00000000a0000000, 0x00000000a8600000, 0x00000000e0000000)
  object space 137216K, 55% used [0x00000000a0000000,0x00000000a4ac7718,0x00000000a8600000)
 Metaspace       used 68801K, capacity 70842K, committed 71128K, reserved 1110016K
  class space    used 9141K, capacity 9636K, committed 9728K, reserved 1048576K
Event: 192.502 GC heap after
Heap after GC invocations=22 (full 3):
 PSYoungGen      total 215040K, used 45557K [0x00000000e0000000, 0x00000000f4a00000, 0x0000000100000000)
  eden space 169472K, 0% used [0x00000000e0000000,0x00000000e0000000,0x00000000ea580000)
  from space 45568K, 99% used [0x00000000ea580000,0x00000000ed1fd448,0x00000000ed200000)
  to   space 63488K, 0% used [0x00000000f0c00000,0x00000000f0c00000,0x00000000f4a00000)
 ParOldGen       total 137216K, used 104821K [0x00000000a0000000, 0x00000000a8600000, 0x00000000e0000000)
  object space 137216K, 76% used [0x00000000a0000000,0x00000000a665d4b0,0x00000000a8600000)
 Metaspace       used 68801K, capacity 70842K, committed 71128K, reserved 1110016K
  class space    used 9141K, capacity 9636K, committed 9728K, reserved 1048576K
}
Event: 194.397 GC heap before
{Heap before GC invocations=23 (full 3):
 PSYoungGen      total 215040K, used 215029K [0x00000000e0000000, 0x00000000f4a00000, 0x0000000100000000)
  eden space 169472K, 100% used [0x00000000e0000000,0x00000000ea580000,0x00000000ea580000)
  from space 45568K, 99% used [0x00000000ea580000,0x00000000ed1fd448,0x00000000ed200000)
  to   space 63488K, 0% used [0x00000000f0c00000,0x00000000f0c00000,0x00000000f4a00000)
 ParOldGen       total 137216K, used 104821K [0x00000000a0000000, 0x00000000a8600000, 0x00000000e0000000)
  object space 137216K, 76% used [0x00000000a0000000,0x00000000a665d4b0,0x00000000a8600000)
 Metaspace       used 68818K, capacity 70906K, committed 71128K, reserved 1110016K
  class space    used 9142K, capacity 9636K, committed 9728K, reserved 1048576K
Event: 194.457 GC heap after
Heap after GC invocations=23 (full 3):
 PSYoungGen      total 253440K, used 63480K [0x00000000e0000000, 0x00000000f7680000, 0x0000000100000000)
  eden space 189952K, 0% used [0x00000000e0000000,0x00000000e0000000,0x00000000eb980000)
  from space 63488K, 99% used [0x00000000f0c00000,0x00000000f49fe3b0,0x00000000f4a00000)
  to   space 84480K, 0% used [0x00000000eb980000,0x00000000eb980000,0x00000000f0c00000)
 ParOldGen       total 137216K, used 131124K [0x00000000a0000000, 0x00000000a8600000, 0x00000000e0000000)
  object space 137216K, 95% used [0x00000000a0000000,0x00000000a800d1d0,0x00000000a8600000)
 Metaspace       used 68818K, capacity 70906K, committed 71128K, reserved 1110016K
  class space    used 9142K, capacity 9636K, committed 9728K, reserved 1048576K
}
Event: 194.457 GC heap before
{Heap before GC invocations=24 (full 4):
 PSYoungGen      total 253440K, used 63480K [0x00000000e0000000, 0x00000000f7680000, 0x0000000100000000)
  eden space 189952K, 0% used [0x00000000e0000000,0x00000000e0000000,0x00000000eb980000)
  from space 63488K, 99% used [0x00000000f0c00000,0x00000000f49fe3b0,0x00000000f4a00000)
  to   space 84480K, 0% used [0x00000000eb980000,0x00000000eb980000,0x00000000f0c00000)
 ParOldGen       total 137216K, used 131124K [0x00000000a0000000, 0x00000000a8600000, 0x00000000e0000000)
  object space 137216K, 95% used [0x00000000a0000000,0x00000000a800d1d0,0x00000000a8600000)
 Metaspace       used 68818K, capacity 70906K, committed 71128K, reserved 1110016K
  class space    used 9142K, capacity 9636K, committed 9728K, reserved 1048576K
Event: 195.247 GC heap after
Heap after GC invocations=24 (full 4):
 PSYoungGen      total 253440K, used 40585K [0x00000000e0000000, 0x00000000f7680000, 0x0000000100000000)
  eden space 189952K, 0% used [0x00000000e0000000,0x00000000e0000000,0x00000000eb980000)
  from space 63488K, 63% used [0x00000000f0c00000,0x00000000f33a26b8,0x00000000f4a00000)
  to   space 84480K, 0% used [0x00000000eb980000,0x00000000eb980000,0x00000000f0c00000)
 ParOldGen       total 137216K, used 136959K [0x00000000a0000000, 0x00000000a8600000, 0x00000000e0000000)
  object space 137216K, 99% used [0x00000000a0000000,0x00000000a85bfe20,0x00000000a8600000)
 Metaspace       used 68818K, capacity 70906K, committed 71128K, reserved 1110016K
  class space    used 9142K, capacity 9636K, committed 9728K, reserved 1048576K
}

